AdmCmd: Trau_Dai_Hiep was kicked by Nick_Deptrai, reason: relog (1-14-2017)
AdmCmd: Kec_Kec was learned by Kec_Kec (14-1-2017)
AdmCMD: Andy Tools da bi kick boi Ben X, ly do: a (1-19-2017)
AdmCMD: Andy Tools was learned by Andy Tools (19-1-2017)
AdmCMD: Nick Deptrai da bi kick boi Nick Deptrai, ly do: bien (1-22-2017)
AdmCMD: Nick Deptrai da bi kick boi Ben X, ly do: relog fix  (1-25-2017)
AdmCMD: Nick Deptrai da bi kick boi Nick Deptrai, ly do: dep trai nen kick (1-26-2017)
AdmCMD: Nick Deptrai da bi kick boi Ben X, ly do: a (1-26-2017)
AdmCMD: Nick Deptrai da bi kick boi Ben X, ly do: out (1-26-2017)
AdmCMD: Nick Deptrai was learned by Andy Tools (4-2-2017)
AdmCMD: Nick Deptrai was learned by Andy Tools (4-2-2017)
AdmCMD: Nick Deptrai was learned by Andy Tools (4-2-2017)
AdmCMD: Andy Tools da bi kick boi Ben X, ly do: ra (2-4-2017)
AdmCMD: Ben X was learned by Teddy Boy (4-2-2017)
AdmCMD: Ben X was learned by Nick Deptrai (4-2-2017)
AdmCMD: Nick Deptrai da bi kick boi Ben X, ly do: 0 (2-12-2017)
AdmCMD: NguyenThanh Tung was learned by NguyenThanh Tung (17-2-2017)
AdmCMD: NguyenThanh Tung da bi kick boi Nick Deptrai, ly do: ahihi (2-17-2017)
AdmCMD: Nick Deptrai was learned by Andy Tools (18-2-2017)
AdmCMD: Nick Deptrai was learned by NguyenThanh Tung (18-2-2017)
AdmCMD: Andy Tools was learned by Nick Deptrai (18-2-2017)
AdmCMD: Teddy Boy da bi kick boi Ben X, ly do: test (2-19-2017)
AdmCMD: Teddy Boy da bi kick boi Ben X, ly do: lag (2-19-2017)
AdmCMD: Teddy Girl da bi kick boi Ben X, ly do: ddos (2-19-2017)
AdmCMD: Teddy Girl da bi kick boi Ben X, ly do: ra di ong noi (2-19-2017)
AdmCMD: Teddy Girl da bi kick boi Ben X, ly do: di ra di ong noi (2-19-2017)
AdmCMD: Nick Deptrai da bi kick boi Ben X, ly do: crash (2-19-2017)
AdmCMD: Nick Deptrai da bi kick boi Ben X, ly do: lag roi (2-19-2017)
AdmCMD: Nick Deptrai da bi kick boi NguyenThanh Tung, ly do: mod la 1 niem dam me (2-19-2017)
AdmCMD: Teddy Boy da bi kick boi Ben X, ly do: tui thach' ong relog (2-19-2017)
AdmCMD: Nick Deptrai da bi kick boi Ben X, ly do: thu~ relog (2-23-2017)
AdmCMD: Nick Deptrai was learned by NguyenThanh Tung (26-2-2017)
AdmCMD: NguyenThanh Tung was learned by Nick Deptrai (26-2-2017)
AdmCMD: NguyenThanh Tung was learned by Nick Deptrai (27-2-2017)
AdmCMD: Ben X was learned by Andy Tools (28-2-2017)
AdmCMD: Ben X was learned by Nick Deptrai (28-2-2017)
AdmCMD: Nick Deptrai was learned by Ben X (28-2-2017)
AdmCMD: Ben X was learned by Nick Deptrai (28-2-2017)
AdmCMD: Ben X da bi kick boi Nick Deptrai, ly do: cut (2-28-2017)
AdmCMD: Ben X da bi kick boi Nick Deptrai, ly do: ahihi (2-28-2017)
AdmCMD: Ben X was learned by Andy Tools (4-3-2017)
AdmCMD: Nick Deptrai da bi kick boi Nick Deptrai, ly do: qua dep trai (3-9-2017)
AdmCMD: Nick Deptrai da bi kick boi NguyenThanh Tung, ly do: de t test family (3-11-2017)
AdmCMD: Nick Deptrai da bi kick boi NguyenThanh Tung, ly do: t test lenh /member da (3-11-2017)
AdmCMD: NguyenThanh Tung da bi kick boi Nick Deptrai, ly do: test (3-11-2017)
AdmCMD: NguyenThanh Tung da bi kick boi Nick Deptrai, ly do: test (3-11-2017)
AdmCMD: NguyenThanh Tung da bi kick boi Nick Deptrai, ly do: test (3-11-2017)
AdmCMD: Nick Deptrai da bi kick boi NguyenThanh Tung, ly do: vao lai di m (3-11-2017)
AdmCMD: Andy Tools da bi kick boi NguyenThanh Tung, ly do: a (3-11-2017)
AdmCMD: Nick Deptrai was learned by Andy Tools (12-3-2017)
AdmCMD: Nick Deptrai was learned by NguyenThanh Tung (12-3-2017)
