Nick_Deptrai payed $0 to enter biz 2
Nick_Deptrai payed $0 to enter biz 2
Andy_Tools payed $0 to enter biz 2
Nick_Deptrai payed $0 to enter biz 2
Andy_Tools payed $0 to enter biz 2
Nick_Deptrai payed $0 to enter biz 2
Ben_X payed $10 to enter biz 2
Ben_X payed $10 to enter biz 2
Ben_X payed $50 to enter biz 2
Ben_X payed $50 to enter biz 2
Andy Tools Cam on ban da tang, $1.
Andy Tools Cam on ban da tang, $1.
Andy Tools Cam on ban da tang, $1.
Andy Tools Cam on ban da tang, $1.
Nick Deptrai has paid $1 to Andy_Tools
Nick Deptrai Cam on ban da tang, $1.
Nick_Deptrai da tra $0 de vao biz 4
Andy_Tools da tra $0 de vao biz 4
Nick_Deptrai da tra $0 de vao biz 4
Andy Tools Cam on ban da tang, $1.
Andy Tools Cam on ban da tang, $100000.
Andy Tools Cam on ban da tang, $1000000.
Andy_Tools da tra $0 de vao biz 4
Nick_Deptrai da tra $0 de vao biz 4
Nick Deptrai transferd $500 to Andy_Tools
Andy_Tools da tra $0 de vao biz 4
Nick Deptrai transferd $5000 to Andy_Tools
Andy_Tools da tra $0 de vao biz 5
Andy_Tools da tra $0 de vao biz 6
Andy_Tools da tra $0 de vao biz 4
Andy Tools transferd $1000000 to Nick_Deptrai
Nick_Deptrai da tra $0 de vao biz 4
Nick Deptrai transferd $100 to Andy_Tools
Nick_Deptrai da tra $0 de vao sbiz 11
Andy_Tools da tra $0 de vao sbiz 11
Nick_Deptrai da tra $0 de vao sbiz 11
Nick_Deptrai da tra $0 de vao sbiz 11
Andy_Tools da tra $0 de vao sbiz 11
Andy_Tools da tra $0 de vao sbiz 11
Nick_Deptrai da tra $0 de vao biz 0
Nick Deptrai bought weapons for $500 at biz 0
Nick Deptrai bought weapons for $500 at biz 0
Nick Deptrai bought weapons for $500 at biz 0
Nick Deptrai bought weapons for $500 at biz 0
Nick_Deptrai da tra $0 de vao sbiz 10
Andy_Tools da tra $0 de vao sbiz 10
Nick_Deptrai da tra $0 de vao biz 4
Andy_Tools da tra $0 de vao biz 4
Andy_Tools da tra $50 de vao biz 3
Andy_Tools da tra $50 de vao biz 3
Andy_Tools da tra $50 de vao biz 3
Andy_Tools da tra $50 de vao biz 3
Andy_Tools da tra $50 de vao biz 3
Andy_Tools da tra $5000 de vao biz 3
Andy_Tools da tra $5000 de vao biz 3
Nick_Deptrai da tra $5000 de vao biz 3
Andy_Tools da tra $5000 de vao biz 3
Andy_Tools da tra $50 de vao biz 3
Nick_Deptrai da tra $50 de vao biz 3
Andy_Tools da tra $50 de vao biz 3
NguyenThanh Tung has paid $1 to Nick_Deptrai
NguyenThanh Tung has paid $299 to Nick_Deptrai
Nick_Deptrai da tra $0 de vao biz 1
Nick_Deptrai da tra $0 de vao biz 5
Nick_Deptrai da tra $0 de vao biz 1
Nick_Deptrai da tra $0 de vao biz 5
NguyenThanh_Tung da tra $0 de vao biz 5
Ben_X da tra $0 de vao biz 5
Nick_Deptrai da tra $0 de vao biz 1
Andy_Tools da tra $0 de vao biz 5
Andy_Tools da tra $0 de vao biz 5
Nick_Deptrai da tra $0 de vao biz 5
Andy_Tools da tra $0 de vao biz 5
NguyenThanh_Tung da tra $0 de vao biz 5
Ben_X da tra $0 de vao biz 5
Nick Deptrai has paid $11 to Ben_X
Ben_X da tra $0 de vao biz 5
Andy_Tools da tra $0 de vao biz 5
Ben_X da tra $0 de vao biz 5
Andy_Tools da tra $0 de vao biz 5
Andy_Tools da tra $0 de vao biz 4
Nick_Deptrai da tra $0 de vao biz 4
Ben_X da tra $0 de vao biz 0
Ben_X da tra $50 de vao biz 2
Andy_Tools da tra $50 de vao biz 2
Andy_Tools da tra $2000 de vao biz 2
Andy_Tools da tra $2000 de vao biz 2
Andy_Tools da tra $2000 de vao biz 2
Andy_Tools da tra $2000 de vao biz 2
NguyenThanh_Tung da tra $2000 de vao biz 2
Ben_X da tra $2000 de vao biz 2
NguyenThanh_Tung da tra $2000 de vao biz 2
Andy_Tools da tra $2000 de vao biz 2
Andy_Tools da tra $2000 de vao biz 2
Ben_X da tra $2000 de vao biz 2
Andy_Tools da tra $2000 de vao biz 2
Nick_Deptrai da tra $0 de vao biz 5
NguyenThanh_Tung da tra $2000 de vao biz 2
Andy_Tools da tra $2000 de vao biz 2
Andy_Tools da tra $2000 de vao biz 2
NguyenThanh Tung has paid $1 to Nick_Deptrai
NguyenThanh Tung has paid $99999 to Nick_Deptrai
NguyenThanh Tung Cam on ban da tang, $2.
Nick Deptrai Cam on ban da tang, $6860.
Kanes_Kage da tra $0 de vao sbiz 10
Kanes_Kage da tra $0 de vao business 4.
NguyenThanh_Tung da tra $0 de vao business 4.
Nick_Deptrai da tra $0 de vao business 4.
Nick_Deptrai da tra $2000 de vao business 2.
NguyenThanh_Tung da tra $2000 de vao business 2.
Nick_Deptrai da tra $2000 de vao business 2.
Andy_Tools da tra $2000 de vao business 2.
NguyenThanh_Tung da tra $0 de vao business 0.
Andy_Tools da tra $2000 de vao business 2.
Andy_Tools da tra $2000 de vao business 2.
NguyenThanh_Tung da tra $0 de vao business 0.
Andy_Tools da tra $0 de vao business 1.
Andy_Tools da tra $0 de vao business 1.
Andy_Tools da tra $0 de vao business 4.
Andy_Tools da tra $0 de vao business 4.
NguyenThanh_Tung da tra $0 de vao business 1.
Andy_Tools da tra $0 de vao business 4.
Andy_Tools da tra $0 de vao business 4.
Andy_Tools da tra $0 de vao business 4.
NguyenThanh_Tung da tra $0 de vao business 1.
Andy_Tools da tra $0 de vao business 5.
Andy_Tools da tra $2000 de vao business 2.
Andy_Tools da tra $2000 de vao business 2.
Andy_Tools da tra $2000 de vao business 2.
Andy_Tools da tra $2000 de vao business 2.
Andy_Tools da tra $2000 de vao business 2.
Andy_Tools da tra $0 de vao sbiz 10
Nick_Deptrai da tra $2000 de vao business 2.
Nick_Deptrai da tra $2000 de vao business 2.
Ben_X da tra $2000 de vao business 2.
Ben_X da tra $2000 de vao business 2.
Ben_X da tra $2000 de vao business 2.
Andy_Tools da tra $2000 de vao business 2.
Andy_Tools da tra $2000 de vao business 2.
Nick_Deptrai da tra $2000 de vao business 2.
Ben_X da tra $2000 de vao business 2.
Andy_Tools da tra $2000 de vao business 2.
Nick_Deptrai da tra $0 de vao business 0.
Nick_Deptrai da tra $0 de vao business 1.
Nick_Deptrai da tra $0 de vao business 5.
Ben_X da tra $0 de vao business 5.
Andy_Tools da tra $0 de vao business 5.
NguyenThanh_Tung da tra $0 de vao business 4.
Nick_Deptrai da tra $0 de vao business 4.
NguyenThanh_Tung da tra $0 de vao business 4.
Nick Deptrai chuyen khoan $1 cho NguyenThanh_Tung
Nick Deptrai chuyen khoan $1 cho NguyenThanh_Tung
Nick Deptrai chuyen khoan $1 cho NguyenThanh_Tung
Nick Deptrai chuyen khoan $2 cho NguyenThanh_Tung
Nick Deptrai chuyen khoan $100 cho NguyenThanh_Tung
NguyenThanh Tung chuyen khoan $100000 cho Nick_Deptrai
